  [1m[36m (1.2ms)[0m  [1mCREATE TABLE "schema_migrations" ("version" varchar NOT NULL) [0m
  [1m[35m (0.0ms)[0m  select sqlite_version(*)
  [1m[36m (1.0ms)[0m  [1mCREATE UNIQUE INDEX "unique_schema_migrations" ON "schema_migrations" ("version")[0m
  [1m[35mActiveRecord::SchemaMigration Load (0.1ms)[0m  SELECT "schema_migrations".* FROM "schema_migrations"
  [1m[36mActiveRecord::SchemaMigration Load (0.1ms)[0m  [1mSELECT "schema_migrations".* FROM "schema_migrations"[0m
Migrating to CreatePosts (20151230232412)
  [1m[35m (0.1ms)[0m  begin transaction
  [1m[36m (0.4ms)[0m  [1mCREATE TABLE "posts" ("id" INTEGER PRIMARY KEY AUTOINCREMENT NOT NULL, "title" varchar, "description" text, "created_at" datetime NOT NULL, "updated_at" datetime NOT NULL) [0m
  [1m[35mSQL (0.2ms)[0m  INSERT INTO "schema_migrations" ("version") VALUES (?)  [["version", "20151230232412"]]
  [1m[36m (1.3ms)[0m  [1mcommit transaction[0m
  [1m[35mActiveRecord::SchemaMigration Load (0.1ms)[0m  SELECT "schema_migrations".* FROM "schema_migrations"


Started GET "/" for ::1 at 2016-08-17 10:21:47 -0400
  [1m[36mActiveRecord::SchemaMigration Load (2.2ms)[0m  [1mSELECT "schema_migrations".* FROM "schema_migrations"[0m
Processing by Rails::WelcomeController#index as HTML
  Rendered /Users/derickquartey/.rvm/gems/ruby-2.3.0/gems/railties-4.2.5/lib/rails/templates/rails/welcome/index.html.erb (4.2ms)
Completed 200 OK in 42ms (Views: 25.8ms | ActiveRecord: 0.0ms)
DEPRECATION WARNING: Defining a route where `to` is a symbol is deprecated. Please change `to: :index` to `action: :index`. (called from block in <top (required)> at /Users/derickquartey/dev/rails/rails-url-helpers-readme-wdf-000/config/routes.rb:4)


Started GET "/" for ::1 at 2016-08-17 13:36:03 -0400
Processing by Rails::WelcomeController#index as HTML
  Rendered /Users/derickquartey/.rvm/gems/ruby-2.3.0/gems/railties-4.2.5/lib/rails/templates/rails/welcome/index.html.erb (0.7ms)
Completed 200 OK in 13ms (Views: 9.9ms | ActiveRecord: 0.0ms)


Started GET "/" for ::1 at 2016-08-17 13:36:08 -0400
Processing by Rails::WelcomeController#index as HTML
  Rendered /Users/derickquartey/.rvm/gems/ruby-2.3.0/gems/railties-4.2.5/lib/rails/templates/rails/welcome/index.html.erb (0.1ms)
Completed 200 OK in 2ms (Views: 1.7ms | ActiveRecord: 0.0ms)


Started GET "/" for ::1 at 2016-08-17 13:36:11 -0400
Processing by Rails::WelcomeController#index as HTML
  Rendered /Users/derickquartey/.rvm/gems/ruby-2.3.0/gems/railties-4.2.5/lib/rails/templates/rails/welcome/index.html.erb (0.1ms)
Completed 200 OK in 4ms (Views: 3.2ms | ActiveRecord: 0.0ms)


Started GET "/" for ::1 at 2016-08-17 13:38:35 -0400
Processing by Rails::WelcomeController#index as HTML
  Rendered /Users/derickquartey/.rvm/gems/ruby-2.3.0/gems/railties-4.2.5/lib/rails/templates/rails/welcome/index.html.erb (0.1ms)
Completed 200 OK in 2ms (Views: 2.1ms | ActiveRecord: 0.0ms)


Started GET "/posts" for ::1 at 2016-08-17 13:38:39 -0400
Processing by PostsController#index as HTML
  [1m[35mPost Load (3.1ms)[0m  SELECT "posts".* FROM "posts"
  Rendered posts/index.html.erb within layouts/application (7.6ms)
Completed 200 OK in 387ms (Views: 378.0ms | ActiveRecord: 3.2ms)


Started GET "/posts/1" for ::1 at 2016-08-17 13:38:44 -0400
Processing by PostsController#show as HTML
  Parameters: {"id"=>"1"}
  [1m[36mPost Load (0.2ms)[0m  [1mSELECT  "posts".* FROM "posts" WHERE "posts"."id" = ? LIMIT 1[0m  [["id", 1]]
Completed 404 Not Found in 30ms (ActiveRecord: 1.4ms)

ActiveRecord::RecordNotFound (Couldn't find Post with 'id'=1):
  app/controllers/posts_controller.rb:7:in `show'


  Rendered /Users/derickquartey/.rvm/gems/ruby-2.3.0/gems/actionpack-4.2.5/lib/action_dispatch/middleware/templates/rescues/_source.erb (7.9ms)
  Rendered /Users/derickquartey/.rvm/gems/ruby-2.3.0/gems/actionpack-4.2.5/lib/action_dispatch/middleware/templates/rescues/_trace.html.erb (4.6ms)
  Rendered /Users/derickquartey/.rvm/gems/ruby-2.3.0/gems/actionpack-4.2.5/lib/action_dispatch/middleware/templates/rescues/_request_and_response.html.erb (1.3ms)
  Rendered /Users/derickquartey/.rvm/gems/ruby-2.3.0/gems/actionpack-4.2.5/lib/action_dispatch/middleware/templates/rescues/diagnostics.html.erb within rescues/layout (71.0ms)
  Rendered /Users/derickquartey/.rvm/gems/ruby-2.3.0/gems/web-console-2.2.1/lib/web_console/templates/_markup.html.erb (0.5ms)
  Rendered /Users/derickquartey/.rvm/gems/ruby-2.3.0/gems/web-console-2.2.1/lib/web_console/templates/_inner_console_markup.html.erb within layouts/inlined_string (0.6ms)
  Rendered /Users/derickquartey/.rvm/gems/ruby-2.3.0/gems/web-console-2.2.1/lib/web_console/templates/_prompt_box_markup.html.erb within layouts/inlined_string (0.3ms)
  Rendered /Users/derickquartey/.rvm/gems/ruby-2.3.0/gems/web-console-2.2.1/lib/web_console/templates/style.css.erb within layouts/inlined_string (0.4ms)
  Rendered /Users/derickquartey/.rvm/gems/ruby-2.3.0/gems/web-console-2.2.1/lib/web_console/templates/console.js.erb within layouts/javascript (68.0ms)
  Rendered /Users/derickquartey/.rvm/gems/ruby-2.3.0/gems/web-console-2.2.1/lib/web_console/templates/main.js.erb within layouts/javascript (0.6ms)
  Rendered /Users/derickquartey/.rvm/gems/ruby-2.3.0/gems/web-console-2.2.1/lib/web_console/templates/error_page.js.erb within layouts/javascript (0.4ms)
  Rendered /Users/derickquartey/.rvm/gems/ruby-2.3.0/gems/web-console-2.2.1/lib/web_console/templates/index.html.erb (157.1ms)


Started GET "/posts/1" for ::1 at 2016-08-17 13:40:40 -0400
Processing by PostsController#show as HTML
  Parameters: {"id"=>"1"}
  [1m[35mPost Load (0.1ms)[0m  SELECT  "posts".* FROM "posts" WHERE "posts"."id" = ? LIMIT 1  [["id", 1]]
Completed 404 Not Found in 2ms (ActiveRecord: 0.1ms)

ActiveRecord::RecordNotFound (Couldn't find Post with 'id'=1):
  app/controllers/posts_controller.rb:7:in `show'


  Rendered /Users/derickquartey/.rvm/gems/ruby-2.3.0/gems/actionpack-4.2.5/lib/action_dispatch/middleware/templates/rescues/_source.erb (6.2ms)
  Rendered /Users/derickquartey/.rvm/gems/ruby-2.3.0/gems/actionpack-4.2.5/lib/action_dispatch/middleware/templates/rescues/_trace.html.erb (3.6ms)
  Rendered /Users/derickquartey/.rvm/gems/ruby-2.3.0/gems/actionpack-4.2.5/lib/action_dispatch/middleware/templates/rescues/_request_and_response.html.erb (1.1ms)
  Rendered /Users/derickquartey/.rvm/gems/ruby-2.3.0/gems/actionpack-4.2.5/lib/action_dispatch/middleware/templates/rescues/diagnostics.html.erb within rescues/layout (68.7ms)
  Rendered /Users/derickquartey/.rvm/gems/ruby-2.3.0/gems/web-console-2.2.1/lib/web_console/templates/_markup.html.erb (0.6ms)
  Rendered /Users/derickquartey/.rvm/gems/ruby-2.3.0/gems/web-console-2.2.1/lib/web_console/templates/_inner_console_markup.html.erb within layouts/inlined_string (0.5ms)
  Rendered /Users/derickquartey/.rvm/gems/ruby-2.3.0/gems/web-console-2.2.1/lib/web_console/templates/_prompt_box_markup.html.erb within layouts/inlined_string (0.4ms)
  Rendered /Users/derickquartey/.rvm/gems/ruby-2.3.0/gems/web-console-2.2.1/lib/web_console/templates/style.css.erb within layouts/inlined_string (0.5ms)
  Rendered /Users/derickquartey/.rvm/gems/ruby-2.3.0/gems/web-console-2.2.1/lib/web_console/templates/console.js.erb within layouts/javascript (60.2ms)
  Rendered /Users/derickquartey/.rvm/gems/ruby-2.3.0/gems/web-console-2.2.1/lib/web_console/templates/main.js.erb within layouts/javascript (0.5ms)
  Rendered /Users/derickquartey/.rvm/gems/ruby-2.3.0/gems/web-console-2.2.1/lib/web_console/templates/error_page.js.erb within layouts/javascript (0.6ms)
  Rendered /Users/derickquartey/.rvm/gems/ruby-2.3.0/gems/web-console-2.2.1/lib/web_console/templates/index.html.erb (142.1ms)


Started GET "/posts/1" for ::1 at 2016-08-17 13:45:46 -0400
Processing by PostsController#show as HTML
  Parameters: {"id"=>"1"}
  [1m[36mPost Load (0.1ms)[0m  [1mSELECT  "posts".* FROM "posts" WHERE "posts"."id" = ? LIMIT 1[0m  [["id", 1]]
Completed 404 Not Found in 1ms (ActiveRecord: 0.1ms)

ActiveRecord::RecordNotFound (Couldn't find Post with 'id'=1):
  app/controllers/posts_controller.rb:7:in `show'


  Rendered /Users/derickquartey/.rvm/gems/ruby-2.3.0/gems/actionpack-4.2.5/lib/action_dispatch/middleware/templates/rescues/_source.erb (7.9ms)
  Rendered /Users/derickquartey/.rvm/gems/ruby-2.3.0/gems/actionpack-4.2.5/lib/action_dispatch/middleware/templates/rescues/_trace.html.erb (3.2ms)
  Rendered /Users/derickquartey/.rvm/gems/ruby-2.3.0/gems/actionpack-4.2.5/lib/action_dispatch/middleware/templates/rescues/_request_and_response.html.erb (1.6ms)
  Rendered /Users/derickquartey/.rvm/gems/ruby-2.3.0/gems/actionpack-4.2.5/lib/action_dispatch/middleware/templates/rescues/diagnostics.html.erb within rescues/layout (69.7ms)
  Rendered /Users/derickquartey/.rvm/gems/ruby-2.3.0/gems/web-console-2.2.1/lib/web_console/templates/_markup.html.erb (0.6ms)
  Rendered /Users/derickquartey/.rvm/gems/ruby-2.3.0/gems/web-console-2.2.1/lib/web_console/templates/_inner_console_markup.html.erb within layouts/inlined_string (0.8ms)
  Rendered /Users/derickquartey/.rvm/gems/ruby-2.3.0/gems/web-console-2.2.1/lib/web_console/templates/_prompt_box_markup.html.erb within layouts/inlined_string (0.4ms)
  Rendered /Users/derickquartey/.rvm/gems/ruby-2.3.0/gems/web-console-2.2.1/lib/web_console/templates/style.css.erb within layouts/inlined_string (0.5ms)
  Rendered /Users/derickquartey/.rvm/gems/ruby-2.3.0/gems/web-console-2.2.1/lib/web_console/templates/console.js.erb within layouts/javascript (61.7ms)
  Rendered /Users/derickquartey/.rvm/gems/ruby-2.3.0/gems/web-console-2.2.1/lib/web_console/templates/main.js.erb within layouts/javascript (0.9ms)
  Rendered /Users/derickquartey/.rvm/gems/ruby-2.3.0/gems/web-console-2.2.1/lib/web_console/templates/error_page.js.erb within layouts/javascript (0.5ms)
  Rendered /Users/derickquartey/.rvm/gems/ruby-2.3.0/gems/web-console-2.2.1/lib/web_console/templates/index.html.erb (140.3ms)


Started GET "/posts/1" for ::1 at 2016-08-17 13:45:50 -0400
Processing by PostsController#show as HTML
  Parameters: {"id"=>"1"}
  [1m[35mPost Load (0.1ms)[0m  SELECT  "posts".* FROM "posts" WHERE "posts"."id" = ? LIMIT 1  [["id", 1]]
Completed 404 Not Found in 2ms (ActiveRecord: 0.1ms)

ActiveRecord::RecordNotFound (Couldn't find Post with 'id'=1):
  app/controllers/posts_controller.rb:7:in `show'


  Rendered /Users/derickquartey/.rvm/gems/ruby-2.3.0/gems/actionpack-4.2.5/lib/action_dispatch/middleware/templates/rescues/_source.erb (5.1ms)
  Rendered /Users/derickquartey/.rvm/gems/ruby-2.3.0/gems/actionpack-4.2.5/lib/action_dispatch/middleware/templates/rescues/_trace.html.erb (2.7ms)
  Rendered /Users/derickquartey/.rvm/gems/ruby-2.3.0/gems/actionpack-4.2.5/lib/action_dispatch/middleware/templates/rescues/_request_and_response.html.erb (0.9ms)
  Rendered /Users/derickquartey/.rvm/gems/ruby-2.3.0/gems/actionpack-4.2.5/lib/action_dispatch/middleware/templates/rescues/diagnostics.html.erb within rescues/layout (54.0ms)
  Rendered /Users/derickquartey/.rvm/gems/ruby-2.3.0/gems/web-console-2.2.1/lib/web_console/templates/_markup.html.erb (0.4ms)
  Rendered /Users/derickquartey/.rvm/gems/ruby-2.3.0/gems/web-console-2.2.1/lib/web_console/templates/_inner_console_markup.html.erb within layouts/inlined_string (0.3ms)
  Rendered /Users/derickquartey/.rvm/gems/ruby-2.3.0/gems/web-console-2.2.1/lib/web_console/templates/_prompt_box_markup.html.erb within layouts/inlined_string (0.3ms)
  Rendered /Users/derickquartey/.rvm/gems/ruby-2.3.0/gems/web-console-2.2.1/lib/web_console/templates/style.css.erb within layouts/inlined_string (0.4ms)
  Rendered /Users/derickquartey/.rvm/gems/ruby-2.3.0/gems/web-console-2.2.1/lib/web_console/templates/console.js.erb within layouts/javascript (41.6ms)
  Rendered /Users/derickquartey/.rvm/gems/ruby-2.3.0/gems/web-console-2.2.1/lib/web_console/templates/main.js.erb within layouts/javascript (0.3ms)
  Rendered /Users/derickquartey/.rvm/gems/ruby-2.3.0/gems/web-console-2.2.1/lib/web_console/templates/error_page.js.erb within layouts/javascript (0.5ms)
  Rendered /Users/derickquartey/.rvm/gems/ruby-2.3.0/gems/web-console-2.2.1/lib/web_console/templates/index.html.erb (96.0ms)


Started GET "/posts" for ::1 at 2016-08-17 13:45:59 -0400
Processing by PostsController#index as HTML
  [1m[36m (0.1ms)[0m  [1mbegin transaction[0m
  [1m[35mSQL (2.7ms)[0m  INSERT INTO "posts" ("title", "description", "created_at", "updated_at") VALUES (?, ?, ?, ?)  [["title", "my post"], ["description", "my description"], ["created_at", "2016-08-17 17:45:59.940862"], ["updated_at", "2016-08-17 17:45:59.940862"]]
  [1m[36m (3.4ms)[0m  [1mcommit transaction[0m
  [1m[35mPost Load (0.2ms)[0m  SELECT "posts".* FROM "posts"
  Rendered posts/index.html.erb within layouts/application (15.6ms)
Completed 200 OK in 48ms (Views: 41.5ms | ActiveRecord: 6.4ms)


Started GET "/posts/1" for ::1 at 2016-08-17 13:46:06 -0400
Processing by PostsController#show as HTML
  Parameters: {"id"=>"1"}
  [1m[36mPost Load (0.1ms)[0m  [1mSELECT  "posts".* FROM "posts" WHERE "posts"."id" = ? LIMIT 1[0m  [["id", 1]]
  Rendered posts/show.html.erb within layouts/application (0.4ms)
Completed 200 OK in 15ms (Views: 14.4ms | ActiveRecord: 0.1ms)


Started GET "/posts" for ::1 at 2016-08-17 13:46:49 -0400
Processing by PostsController#index as HTML
  [1m[35m (0.1ms)[0m  begin transaction
  [1m[36mSQL (0.2ms)[0m  [1mINSERT INTO "posts" ("title", "description", "created_at", "updated_at") VALUES (?, ?, ?, ?)[0m  [["title", "my post"], ["description", "my description"], ["created_at", "2016-08-17 17:46:49.953409"], ["updated_at", "2016-08-17 17:46:49.953409"]]
  [1m[35m (2.5ms)[0m  commit transaction
  [1m[36mPost Load (0.3ms)[0m  [1mSELECT "posts".* FROM "posts"[0m
  Rendered posts/index.html.erb within layouts/application (6.0ms)
Completed 200 OK in 40ms (Views: 36.7ms | ActiveRecord: 3.1ms)


Started GET "/assets/application.self-e80e8f2318043e8af94dddc2adad5a4f09739a8ebb323b3ab31cd71d45fd9113.css?body=1" for ::1 at 2016-08-17 13:46:50 -0400


Started GET "/assets/jquery_ujs.self-d456baa54c1fa6be2ec3711f0a72ddf7a5b2f34a6b4f515f33767d6207b7d4b3.js?body=1" for ::1 at 2016-08-17 13:46:50 -0400


Started GET "/assets/jquery.self-a714331225dda820228db323939889f149aec0127aeb06255646b616ba1ca419.js?body=1" for ::1 at 2016-08-17 13:46:50 -0400


Started GET "/assets/turbolinks.self-c37727e9bd6b2735da5c311aa83fead54ed0be6cc8bd9a65309e9c5abe2cbfff.js?body=1" for ::1 at 2016-08-17 13:46:50 -0400


Started GET "/assets/application.self-3b8dabdc891efe46b9a144b400ad69e37d7e5876bdc39dee783419a69d7ca819.js?body=1" for ::1 at 2016-08-17 13:46:50 -0400


Started GET "/posts" for ::1 at 2016-08-17 13:47:03 -0400
Processing by PostsController#index as HTML
  [1m[35m (0.1ms)[0m  begin transaction
  [1m[36mSQL (0.2ms)[0m  [1mINSERT INTO "posts" ("title", "description", "created_at", "updated_at") VALUES (?, ?, ?, ?)[0m  [["title", "my post"], ["description", "my description"], ["created_at", "2016-08-17 17:47:03.804637"], ["updated_at", "2016-08-17 17:47:03.804637"]]
  [1m[35m (2.4ms)[0m  commit transaction
  [1m[36mPost Load (0.2ms)[0m  [1mSELECT "posts".* FROM "posts"[0m
  Rendered posts/index.html.erb within layouts/application (5.9ms)
Completed 200 OK in 21ms (Views: 18.0ms | ActiveRecord: 2.9ms)


Started GET "/assets/application.self-e80e8f2318043e8af94dddc2adad5a4f09739a8ebb323b3ab31cd71d45fd9113.css?body=1" for ::1 at 2016-08-17 13:47:03 -0400


Started GET "/assets/turbolinks.self-c37727e9bd6b2735da5c311aa83fead54ed0be6cc8bd9a65309e9c5abe2cbfff.js?body=1" for ::1 at 2016-08-17 13:47:03 -0400


Started GET "/assets/application.self-3b8dabdc891efe46b9a144b400ad69e37d7e5876bdc39dee783419a69d7ca819.js?body=1" for ::1 at 2016-08-17 13:47:03 -0400


Started GET "/assets/jquery_ujs.self-d456baa54c1fa6be2ec3711f0a72ddf7a5b2f34a6b4f515f33767d6207b7d4b3.js?body=1" for ::1 at 2016-08-17 13:47:03 -0400


Started GET "/assets/jquery.self-a714331225dda820228db323939889f149aec0127aeb06255646b616ba1ca419.js?body=1" for ::1 at 2016-08-17 13:47:04 -0400


Started GET "/posts/2" for ::1 at 2016-08-17 13:47:08 -0400
Processing by PostsController#show as HTML
  Parameters: {"id"=>"2"}
  [1m[35mPost Load (0.1ms)[0m  SELECT  "posts".* FROM "posts" WHERE "posts"."id" = ? LIMIT 1  [["id", 2]]
  Rendered posts/show.html.erb within layouts/application (0.1ms)
Completed 200 OK in 16ms (Views: 14.9ms | ActiveRecord: 0.1ms)
